[INFO][decmd.py:103.process_input_files()]: Contents of './MACRO.h':
[ERROR][decmd.py:98.process_input_files()]: Input file '../lib/command.h' not found.
[ERROR][decmd.py:98.process_input_files()]: Input file '../lib/json.h' not found.
[ERROR][decmd.py:98.process_input_files()]: Input file '../lib/log.h' not found.
[ERROR][decmd.py:98.process_input_files()]: Input file '../lib/mpls.h' not found.
[ERROR][decmd.py:98.process_input_files()]: Input file '../lib/pbr.h' not found.
[ERROR][decmd.py:98.process_input_files()]: Input file '../lib/route_types.h' not found.
[ERROR][decmd.py:98.process_input_files()]: Input file '../lib/vrf.h' not found.
[ERROR][decmd.py:98.process_input_files()]: Input file '../lib/agentx.c' not found.
[ERROR][decmd.py:98.process_input_files()]: Input file '../lib/agentx.h' not found.
[ERROR][decmd.py:98.process_input_files()]: Input file '../lib/command.c' not found.
[ERROR][decmd.py:98.process_input_files()]: Input file '../lib/command.h' not found.
[ERROR][decmd.py:98.process_input_files()]: Input file '../lib/debug.c' not found.
[ERROR][decmd.py:98.process_input_files()]: Input file '../lib/debug.h' not found.
[ERROR][decmd.py:98.process_input_files()]: Input file '../lib/filter.c' not found.
[ERROR][decmd.py:98.process_input_files()]: Input file '../lib/filter.h' not found.
[ERROR][decmd.py:98.process_input_files()]: Input file '../lib/filter_cli.c' not found.
[ERROR][decmd.py:98.process_input_files()]: Input file '../lib/filter_cli.h' not found.
[ERROR][decmd.py:98.process_input_files()]: Input file '../lib/grammar_sandbox.c' not found.
[ERROR][decmd.py:98.process_input_files()]: Input file '../lib/grammar_sandbox.h' not found.
[ERROR][decmd.py:98.process_input_files()]: Input file '../lib/hash.c' not found.
[ERROR][decmd.py:98.process_input_files()]: Input file '../lib/hash.h' not found.
[ERROR][decmd.py:98.process_input_files()]: Input file '../lib/if_rmap.c' not found.
[ERROR][decmd.py:98.process_input_files()]: Input file '../lib/if_rmap.h' not found.
[ERROR][decmd.py:98.process_input_files()]: Input file '../lib/keychain.c' not found.
[ERROR][decmd.py:98.process_input_files()]: Input file '../lib/keychain.h' not found.
[ERROR][decmd.py:98.process_input_files()]: Input file '../lib/lib_vty.c' not found.
[ERROR][decmd.py:98.process_input_files()]: Input file '../lib/lib_vty.h' not found.
[ERROR][decmd.py:98.process_input_files()]: Input file '../lib/log_vty.c' not found.
[ERROR][decmd.py:98.process_input_files()]: Input file '../lib/log_vty.h' not found.
[ERROR][decmd.py:98.process_input_files()]: Input file '../lib/module.c' not found.
[ERROR][decmd.py:98.process_input_files()]: Input file '../lib/module.h' not found.
[ERROR][decmd.py:98.process_input_files()]: Input file '../lib/nexthop_group.c' not found.
[ERROR][decmd.py:98.process_input_files()]: Input file '../lib/nexthop_group.h' not found.
[ERROR][decmd.py:98.process_input_files()]: Input file '../lib/northbound_cli.c' not found.
[ERROR][decmd.py:98.process_input_files()]: Input file '../lib/northbound_cli.h' not found.
[ERROR][decmd.py:98.process_input_files()]: Input file '../lib/northbound_confd.c' not found.
[ERROR][decmd.py:98.process_input_files()]: Input file '../lib/northbound_confd.h' not found.
[ERROR][decmd.py:98.process_input_files()]: Input file '../lib/northbound_sysrepo.c' not found.
[ERROR][decmd.py:98.process_input_files()]: Input file '../lib/northbound_sysrepo.h' not found.
[ERROR][decmd.py:98.process_input_files()]: Input file '../lib/plist.c' not found.
[ERROR][decmd.py:98.process_input_files()]: Input file '../lib/plist.h' not found.
[ERROR][decmd.py:98.process_input_files()]: Input file '../lib/resolver.c' not found.
[ERROR][decmd.py:98.process_input_files()]: Input file '../lib/resolver.h' not found.
[ERROR][decmd.py:98.process_input_files()]: Input file '../lib/routemap.c' not found.
[ERROR][decmd.py:98.process_input_files()]: Input file '../lib/routemap.h' not found.
[ERROR][decmd.py:98.process_input_files()]: Input file '../lib/routemap_cli.c' not found.
[ERROR][decmd.py:98.process_input_files()]: Input file '../lib/routemap_cli.h' not found.
[ERROR][decmd.py:98.process_input_files()]: Input file '../lib/spf_backoff.c' not found.
[ERROR][decmd.py:98.process_input_files()]: Input file '../lib/spf_backoff.h' not found.
[ERROR][decmd.py:98.process_input_files()]: Input file '../lib/thread.c' not found.
[ERROR][decmd.py:98.process_input_files()]: Input file '../lib/thread.h' not found.
[ERROR][decmd.py:98.process_input_files()]: Input file '../lib/vty.c' not found.
[ERROR][decmd.py:98.process_input_files()]: Input file '../lib/vty.h' not found.
[ERROR][decmd.py:98.process_input_files()]: Input file '../lib/vrf.c' not found.
[ERROR][decmd.py:98.process_input_files()]: Input file '../lib/vrf.h' not found.
[ERROR][decmd.py:98.process_input_files()]: Input file '../lib/workqueue.c' not found.
[ERROR][decmd.py:98.process_input_files()]: Input file '../lib/workqueue.h' not found.
[ERROR][decmd.py:98.process_input_files()]: Input file '../babeld/babel_interface.c' not found.
[ERROR][decmd.py:98.process_input_files()]: Input file '../babeld/babel_interface.h' not found.
[ERROR][decmd.py:98.process_input_files()]: Input file '../babeld/babel_zebra.c' not found.
[ERROR][decmd.py:98.process_input_files()]: Input file '../babeld/babel_zebra.h' not found.
[ERROR][decmd.py:98.process_input_files()]: Input file '../babeld/babeld.c' not found.
[ERROR][decmd.py:98.process_input_files()]: Input file '../babeld/babeld.h' not found.
[ERROR][decmd.py:98.process_input_files()]: Input file '../bfdd/bfdd_cli.c' not found.
[ERROR][decmd.py:98.process_input_files()]: Input file '../bfdd/bfdd_cli.h' not found.
[ERROR][decmd.py:98.process_input_files()]: Input file '../bfdd/bfdd_vty.c' not found.
[ERROR][decmd.py:98.process_input_files()]: Input file '../bfdd/bfdd_vty.h' not found.
[ERROR][decmd.py:98.process_input_files()]: Input file '../bgpd/bgp_vty.h' not found.
[ERROR][decmd.py:98.process_input_files()]: Input file '../bgpd/bgp_attr.c' not found.
[ERROR][decmd.py:98.process_input_files()]: Input file '../bgpd/bgp_attr.h' not found.
[ERROR][decmd.py:98.process_input_files()]: Input file '../bgpd/bgp_bfd.c' not found.
[ERROR][decmd.py:98.process_input_files()]: Input file '../bgpd/bgp_bfd.h' not found.
[ERROR][decmd.py:98.process_input_files()]: Input file '../bgpd/bgp_bmp.c' not found.
[ERROR][decmd.py:98.process_input_files()]: Input file '../bgpd/bgp_bmp.h' not found.
[ERROR][decmd.py:98.process_input_files()]: Input file '../bgpd/bgp_community_alias.c' not found.
[ERROR][decmd.py:98.process_input_files()]: Input file '../bgpd/bgp_community_alias.h' not found.
[ERROR][decmd.py:98.process_input_files()]: Input file '../bgpd/bgp_debug.c' not found.
[ERROR][decmd.py:98.process_input_files()]: Input file '../bgpd/bgp_debug.h' not found.
[ERROR][decmd.py:98.process_input_files()]: Input file '../bgpd/bgp_dump.c' not found.
[ERROR][decmd.py:98.process_input_files()]: Input file '../bgpd/bgp_dump.h' not found.
[ERROR][decmd.py:98.process_input_files()]: Input file '../bgpd/bgp_errors.c' not found.
[ERROR][decmd.py:98.process_input_files()]: Input file '../bgpd/bgp_errors.h' not found.
[ERROR][decmd.py:98.process_input_files()]: Input file '../bgpd/bgp_evpn_vty.c' not found.
[ERROR][decmd.py:98.process_input_files()]: Input file '../bgpd/bgp_evpn_vty.h' not found.
[ERROR][decmd.py:98.process_input_files()]: Input file '../bgpd/bgp_filter.c' not found.
[ERROR][decmd.py:98.process_input_files()]: Input file '../bgpd/bgp_filter.h' not found.
[ERROR][decmd.py:98.process_input_files()]: Input file '../bgpd/bgp_flowspec_vty.c' not found.
[ERROR][decmd.py:98.process_input_files()]: Input file '../bgpd/bgp_flowspec_vty.h' not found.
[ERROR][decmd.py:98.process_input_files()]: Input file '../bgpd/bgp_labelpool.c' not found.
[ERROR][decmd.py:98.process_input_files()]: Input file '../bgpd/bgp_labelpool.h' not found.
[ERROR][decmd.py:98.process_input_files()]: Input file '../bgpd/bgp_memory.c' not found.
[ERROR][decmd.py:98.process_input_files()]: Input file '../bgpd/bgp_memory.h' not found.
[ERROR][decmd.py:98.process_input_files()]: Input file '../bgpd/bgp_mplsvpn.c' not found.
[ERROR][decmd.py:98.process_input_files()]: Input file '../bgpd/bgp_mplsvpn.h' not found.
[ERROR][decmd.py:98.process_input_files()]: Input file '../bgpd/bgp_nexthop.c' not found.
[ERROR][decmd.py:98.process_input_files()]: Input file '../bgpd/bgp_nexthop.h' not found.
[ERROR][decmd.py:98.process_input_files()]: Input file '../bgpd/bgp_routemap.c' not found.
[ERROR][decmd.py:98.process_input_files()]: Input file '../bgpd/bgp_routemap.h' not found.
[ERROR][decmd.py:98.process_input_files()]: Input file '../bgpd/bgp_route.c' not found.
[ERROR][decmd.py:98.process_input_files()]: Input file '../bgpd/bgp_route.h' not found.
[ERROR][decmd.py:98.process_input_files()]: Input file '../bgpd/bgp_rpki.c' not found.
[ERROR][decmd.py:98.process_input_files()]: Input file '../bgpd/bgp_rpki.h' not found.
[ERROR][decmd.py:98.process_input_files()]: Input file '../bgpd/bgp_vty.c' not found.
[ERROR][decmd.py:98.process_input_files()]: Input file '../bgpd/bgp_vty.h' not found.
[ERROR][decmd.py:98.process_input_files()]: Input file '../bgpd/rfapi/bgp_rfapi_cfg.c' not found.
[ERROR][decmd.py:98.process_input_files()]: Input file '../bgpd/rfapi/bgp_rfapi_cfg.h' not found.
[ERROR][decmd.py:98.process_input_files()]: Input file '../bgpd/rfapi/rfapi.c' not found.
[ERROR][decmd.py:98.process_input_files()]: Input file '../bgpd/rfapi/rfapi.h' not found.
[ERROR][decmd.py:98.process_input_files()]: Input file '../bgpd/rfapi/rfapi_vty.c' not found.
[ERROR][decmd.py:98.process_input_files()]: Input file '../bgpd/rfapi/rfapi_vty.h' not found.
[ERROR][decmd.py:98.process_input_files()]: Input file '../bgpd/rfapi/vnc_debug.c' not found.
[ERROR][decmd.py:98.process_input_files()]: Input file '../bgpd/rfapi/vnc_debug.h' not found.
[ERROR][decmd.py:98.process_input_files()]: Input file '../bgpd/rfp-example/librfp/rfp_example.c' not found.
[ERROR][decmd.py:98.process_input_files()]: Input file '../bgpd/rfp-example/librfp/rfp_example.h' not found.
[ERROR][decmd.py:98.process_input_files()]: Input file '../eigrpd/eigrp_routemap.c' not found.
[ERROR][decmd.py:98.process_input_files()]: Input file '../eigrpd/eigrp_routemap.h' not found.
[ERROR][decmd.py:98.process_input_files()]: Input file '../eigrpd/eigrp_dump.c' not found.
[ERROR][decmd.py:98.process_input_files()]: Input file '../eigrpd/eigrp_dump.h' not found.
[ERROR][decmd.py:98.process_input_files()]: Input file '../eigrpd/eigrp_vty.c' not found.
[ERROR][decmd.py:98.process_input_files()]: Input file '../eigrpd/eigrp_vty.h' not found.
[ERROR][decmd.py:98.process_input_files()]: Input file '../eigrpd/eigrp_cli.c' not found.
[ERROR][decmd.py:98.process_input_files()]: Input file '../eigrpd/eigrp_cli.h' not found.
[ERROR][decmd.py:98.process_input_files()]: Input file '../isisd/isisd.h' not found.
[ERROR][decmd.py:98.process_input_files()]: Input file '../isisd/isis_cli.c' not found.
[ERROR][decmd.py:98.process_input_files()]: Input file '../isisd/isis_cli.h' not found.
[ERROR][decmd.py:98.process_input_files()]: Input file '../isisd/isis_ldp_sync.c' not found.
[ERROR][decmd.py:98.process_input_files()]: Input file '../isisd/isis_ldp_sync.h' not found.
[ERROR][decmd.py:98.process_input_files()]: Input file '../isisd/isis_redist.c' not found.
[ERROR][decmd.py:98.process_input_files()]: Input file '../isisd/isis_redist.h' not found.
[ERROR][decmd.py:98.process_input_files()]: Input file '../isisd/isis_spf.c' not found.
[ERROR][decmd.py:98.process_input_files()]: Input file '../isisd/isis_spf.h' not found.
[ERROR][decmd.py:98.process_input_files()]: Input file '../isisd/isis_sr.c' not found.
[ERROR][decmd.py:98.process_input_files()]: Input file '../isisd/isis_sr.h' not found.
[ERROR][decmd.py:98.process_input_files()]: Input file '../isisd/isis_te.c' not found.
[ERROR][decmd.py:98.process_input_files()]: Input file '../isisd/isis_te.h' not found.
[ERROR][decmd.py:98.process_input_files()]: Input file '../isisd/isis_vty_fabricd.c' not found.
[ERROR][decmd.py:98.process_input_files()]: Input file '../isisd/isis_vty_fabricd.h' not found.
[ERROR][decmd.py:98.process_input_files()]: Input file '../isisd/isisd.c' not found.
[ERROR][decmd.py:98.process_input_files()]: Input file '../isisd/isisd.h' not found.
[ERROR][decmd.py:98.process_input_files()]: Input file '../ldpd/ldp_vty_cmds.c' not found.
[ERROR][decmd.py:98.process_input_files()]: Input file '../ldpd/ldp_vty_cmds.h' not found.
[ERROR][decmd.py:98.process_input_files()]: Input file '../nhrpd/nhrp_vty.c' not found.
[ERROR][decmd.py:98.process_input_files()]: Input file '../nhrpd/nhrp_vty.h' not found.
[ERROR][decmd.py:98.process_input_files()]: Input file '../ospf6d/ospf6_abr.c' not found.
[ERROR][decmd.py:98.process_input_files()]: Input file '../ospf6d/ospf6_abr.h' not found.
[ERROR][decmd.py:98.process_input_files()]: Input file '../ospf6d/ospf6_area.c' not found.
[ERROR][decmd.py:98.process_input_files()]: Input file '../ospf6d/ospf6_area.h' not found.
[ERROR][decmd.py:98.process_input_files()]: Input file '../ospf6d/ospf6_asbr.c' not found.
[ERROR][decmd.py:98.process_input_files()]: Input file '../ospf6d/ospf6_asbr.h' not found.
[ERROR][decmd.py:98.process_input_files()]: Input file '../ospf6d/ospf6_auth_trailer.c' not found.
[ERROR][decmd.py:98.process_input_files()]: Input file '../ospf6d/ospf6_auth_trailer.h' not found.
[ERROR][decmd.py:98.process_input_files()]: Input file '../ospf6d/ospf6_bfd.c' not found.
[ERROR][decmd.py:98.process_input_files()]: Input file '../ospf6d/ospf6_bfd.h' not found.
[ERROR][decmd.py:98.process_input_files()]: Input file '../ospf6d/ospf6_flood.c' not found.
[ERROR][decmd.py:98.process_input_files()]: Input file '../ospf6d/ospf6_flood.h' not found.
[ERROR][decmd.py:98.process_input_files()]: Input file '../ospf6d/ospf6_gr.c' not found.
[ERROR][decmd.py:98.process_input_files()]: Input file '../ospf6d/ospf6_gr.h' not found.
[ERROR][decmd.py:98.process_input_files()]: Input file '../ospf6d/ospf6_gr_helper.c' not found.
[ERROR][decmd.py:98.process_input_files()]: Input file '../ospf6d/ospf6_gr_helper.h' not found.
[ERROR][decmd.py:98.process_input_files()]: Input file '../ospf6d/ospf6_intra.c' not found.
[ERROR][decmd.py:98.process_input_files()]: Input file '../ospf6d/ospf6_intra.h' not found.
[ERROR][decmd.py:98.process_input_files()]: Input file '../ospf6d/ospf6_interface.c' not found.
[ERROR][decmd.py:98.process_input_files()]: Input file '../ospf6d/ospf6_interface.h' not found.
[ERROR][decmd.py:98.process_input_files()]: Input file '../ospf6d/ospf6_lsa.c' not found.
[ERROR][decmd.py:98.process_input_files()]: Input file '../ospf6d/ospf6_lsa.h' not found.
[ERROR][decmd.py:98.process_input_files()]: Input file '../ospf6d/ospf6_message.c' not found.
[ERROR][decmd.py:98.process_input_files()]: Input file '../ospf6d/ospf6_message.h' not found.
[ERROR][decmd.py:98.process_input_files()]: Input file '../ospf6d/ospf6_neighbor.c' not found.
[ERROR][decmd.py:98.process_input_files()]: Input file '../ospf6d/ospf6_neighbor.h' not found.
[ERROR][decmd.py:98.process_input_files()]: Input file '../ospf6d/ospf6_nssa.c' not found.
[ERROR][decmd.py:98.process_input_files()]: Input file '../ospf6d/ospf6_nssa.h' not found.
[ERROR][decmd.py:98.process_input_files()]: Input file '../ospf6d/ospf6_route.c' not found.
[ERROR][decmd.py:98.process_input_files()]: Input file '../ospf6d/ospf6_route.h' not found.
[ERROR][decmd.py:98.process_input_files()]: Input file '../ospf6d/ospf6_spf.c' not found.
[ERROR][decmd.py:98.process_input_files()]: Input file '../ospf6d/ospf6_spf.h' not found.
[ERROR][decmd.py:98.process_input_files()]: Input file '../ospf6d/ospf6_top.c' not found.
[ERROR][decmd.py:98.process_input_files()]: Input file '../ospf6d/ospf6_top.h' not found.
[ERROR][decmd.py:98.process_input_files()]: Input file '../ospf6d/ospf6_zebra.c' not found.
[ERROR][decmd.py:98.process_input_files()]: Input file '../ospf6d/ospf6_zebra.h' not found.
[ERROR][decmd.py:98.process_input_files()]: Input file '../ospf6d/ospf6d.c' not found.
[ERROR][decmd.py:98.process_input_files()]: Input file '../ospf6d/ospf6d.h' not found.
[ERROR][decmd.py:98.process_input_files()]: Input file '../ospfd/ospf_bfd.c' not found.
[ERROR][decmd.py:98.process_input_files()]: Input file '../ospfd/ospf_bfd.h' not found.
[ERROR][decmd.py:98.process_input_files()]: Input file '../ospfd/ospf_dump.c' not found.
[ERROR][decmd.py:98.process_input_files()]: Input file '../ospfd/ospf_dump.h' not found.
[ERROR][decmd.py:98.process_input_files()]: Input file '../ospfd/ospf_gr.c' not found.
[ERROR][decmd.py:98.process_input_files()]: Input file '../ospfd/ospf_gr.h' not found.
[ERROR][decmd.py:98.process_input_files()]: Input file '../ospfd/ospf_opaque.c' not found.
[ERROR][decmd.py:98.process_input_files()]: Input file '../ospfd/ospf_opaque.h' not found.
[ERROR][decmd.py:98.process_input_files()]: Input file '../ospfd/ospf_routemap.c' not found.
[ERROR][decmd.py:98.process_input_files()]: Input file '../ospfd/ospf_routemap.h' not found.
[ERROR][decmd.py:98.process_input_files()]: Input file '../ospfd/ospf_ri.c' not found.
[ERROR][decmd.py:98.process_input_files()]: Input file '../ospfd/ospf_ri.h' not found.
[ERROR][decmd.py:98.process_input_files()]: Input file '../ospfd/ospf_sr.c' not found.
[ERROR][decmd.py:98.process_input_files()]: Input file '../ospfd/ospf_sr.h' not found.
[ERROR][decmd.py:98.process_input_files()]: Input file '../ospfd/ospf_te.c' not found.
[ERROR][decmd.py:98.process_input_files()]: Input file '../ospfd/ospf_te.h' not found.
[ERROR][decmd.py:98.process_input_files()]: Input file '../ospfd/ospf_vty.c' not found.
[ERROR][decmd.py:98.process_input_files()]: Input file '../ospfd/ospf_vty.h' not found.
[ERROR][decmd.py:98.process_input_files()]: Input file '../ospfd/ospf_ldp_sync.c' not found.
[ERROR][decmd.py:98.process_input_files()]: Input file '../ospfd/ospf_ldp_sync.h' not found.
[ERROR][decmd.py:98.process_input_files()]: Input file '../pathd/path_cli.c' not found.
[ERROR][decmd.py:98.process_input_files()]: Input file '../pathd/path_cli.h' not found.
[ERROR][decmd.py:98.process_input_files()]: Input file '../pathd/path_pcep_cli.c' not found.
[ERROR][decmd.py:98.process_input_files()]: Input file '../pathd/path_pcep_cli.h' not found.
[ERROR][decmd.py:98.process_input_files()]: Input file '../pathd/path_ted.c' not found.
[ERROR][decmd.py:98.process_input_files()]: Input file '../pathd/path_ted.h' not found.
[ERROR][decmd.py:98.process_input_files()]: Input file '../pbrd/pbr_vty.c' not found.
[ERROR][decmd.py:98.process_input_files()]: Input file '../pbrd/pbr_vty.h' not found.
[ERROR][decmd.py:98.process_input_files()]: Input file '../pimd/pim6_cmd.c' not found.
[ERROR][decmd.py:98.process_input_files()]: Input file '../pimd/pim6_cmd.h' not found.
[ERROR][decmd.py:98.process_input_files()]: Input file '../pimd/pim6_mld.c' not found.
[ERROR][decmd.py:98.process_input_files()]: Input file '../pimd/pim6_mld.h' not found.
[ERROR][decmd.py:98.process_input_files()]: Input file '../pimd/pim_cmd.c' not found.
[ERROR][decmd.py:98.process_input_files()]: Input file '../pimd/pim_cmd.h' not found.
[ERROR][decmd.py:98.process_input_files()]: Input file '../ripd/rip_cli.c' not found.
[ERROR][decmd.py:98.process_input_files()]: Input file '../ripd/rip_cli.h' not found.
[ERROR][decmd.py:98.process_input_files()]: Input file '../ripd/rip_debug.c' not found.
[ERROR][decmd.py:98.process_input_files()]: Input file '../ripd/rip_debug.h' not found.
[ERROR][decmd.py:98.process_input_files()]: Input file '../ripd/ripd.c' not found.
[ERROR][decmd.py:98.process_input_files()]: Input file '../ripd/ripd.h' not found.
[ERROR][decmd.py:98.process_input_files()]: Input file '../ripngd/ripng_cli.c' not found.
[ERROR][decmd.py:98.process_input_files()]: Input file '../ripngd/ripng_cli.h' not found.
[ERROR][decmd.py:98.process_input_files()]: Input file '../ripngd/ripng_debug.c' not found.
[ERROR][decmd.py:98.process_input_files()]: Input file '../ripngd/ripng_debug.h' not found.
[ERROR][decmd.py:98.process_input_files()]: Input file '../ripngd/ripngd.c' not found.
[ERROR][decmd.py:98.process_input_files()]: Input file '../ripngd/ripngd.h' not found.
[ERROR][decmd.py:98.process_input_files()]: Input file '../sharpd/sharp_vty.c' not found.
[ERROR][decmd.py:98.process_input_files()]: Input file '../sharpd/sharp_vty.h' not found.
[ERROR][decmd.py:98.process_input_files()]: Input file '../staticd/static_vty.c' not found.
[ERROR][decmd.py:98.process_input_files()]: Input file '../staticd/static_vty.h' not found.
[ERROR][decmd.py:98.process_input_files()]: Input file '../tests/helpers/c/main.c' not found.
[ERROR][decmd.py:98.process_input_files()]: Input file '../tests/helpers/c/main.h' not found.
[ERROR][decmd.py:98.process_input_files()]: Input file '../tests/isisd/test_isis_spf.c' not found.
[ERROR][decmd.py:98.process_input_files()]: Input file '../tests/isisd/test_isis_spf.h' not found.
[ERROR][decmd.py:98.process_input_files()]: Input file '../tests/lib/cli/test_cli.c' not found.
[ERROR][decmd.py:98.process_input_files()]: Input file '../tests/lib/cli/test_cli.h' not found.
[ERROR][decmd.py:98.process_input_files()]: Input file '../tests/lib/test_heavy.c' not found.
[ERROR][decmd.py:98.process_input_files()]: Input file '../tests/lib/test_heavy.h' not found.
[ERROR][decmd.py:98.process_input_files()]: Input file '../tests/lib/test_heavy_thread.c' not found.
[ERROR][decmd.py:98.process_input_files()]: Input file '../tests/lib/test_heavy_thread.h' not found.
[ERROR][decmd.py:98.process_input_files()]: Input file '../tests/lib/test_heavy_wq.c' not found.
[ERROR][decmd.py:98.process_input_files()]: Input file '../tests/lib/test_heavy_wq.h' not found.
[ERROR][decmd.py:98.process_input_files()]: Input file '../tests/lib/test_resolver.c' not found.
[ERROR][decmd.py:98.process_input_files()]: Input file '../tests/lib/test_resolver.h' not found.
[ERROR][decmd.py:98.process_input_files()]: Input file '../tests/ospfd/test_ospf_spf.c' not found.
[ERROR][decmd.py:98.process_input_files()]: Input file '../tests/ospfd/test_ospf_spf.h' not found.
[ERROR][decmd.py:98.process_input_files()]: Input file '../vrrpd/vrrp_vty.c' not found.
[ERROR][decmd.py:98.process_input_files()]: Input file '../vrrpd/vrrp_vty.h' not found.
[ERROR][decmd.py:98.process_input_files()]: Input file '../vtysh/vtysh.c' not found.
[ERROR][decmd.py:98.process_input_files()]: Input file '../vtysh/vtysh.h' not found.
[ERROR][decmd.py:98.process_input_files()]: Input file '../vtysh/vtysh_config.c' not found.
[ERROR][decmd.py:98.process_input_files()]: Input file '../vtysh/vtysh_config.h' not found.
[ERROR][decmd.py:98.process_input_files()]: Input file '../vtysh/vtysh_user.c' not found.
[ERROR][decmd.py:98.process_input_files()]: Input file '../vtysh/vtysh_user.h' not found.
[ERROR][decmd.py:98.process_input_files()]: Input file '../watchfrr/watchfrr_vty.c' not found.
[ERROR][decmd.py:98.process_input_files()]: Input file '../watchfrr/watchfrr_vty.h' not found.
[ERROR][decmd.py:98.process_input_files()]: Input file '../zebra/debug.c' not found.
[ERROR][decmd.py:98.process_input_files()]: Input file '../zebra/debug.h' not found.
[ERROR][decmd.py:98.process_input_files()]: Input file '../zebra/debug_nl.c' not found.
[ERROR][decmd.py:98.process_input_files()]: Input file '../zebra/debug_nl.h' not found.
[ERROR][decmd.py:98.process_input_files()]: Input file '../zebra/dplane_fpm_nl.c' not found.
[ERROR][decmd.py:98.process_input_files()]: Input file '../zebra/dplane_fpm_nl.h' not found.
[ERROR][decmd.py:98.process_input_files()]: Input file '../zebra/if_netlink.c' not found.
[ERROR][decmd.py:98.process_input_files()]: Input file '../zebra/if_netlink.h' not found.
[ERROR][decmd.py:98.process_input_files()]: Input file '../zebra/interface.c' not found.
[ERROR][decmd.py:98.process_input_files()]: Input file '../zebra/interface.h' not found.
[ERROR][decmd.py:98.process_input_files()]: Input file '../zebra/ioctl.c' not found.
[ERROR][decmd.py:98.process_input_files()]: Input file '../zebra/ioctl.h' not found.
[ERROR][decmd.py:98.process_input_files()]: Input file '../zebra/irdp_interface.c' not found.
[ERROR][decmd.py:98.process_input_files()]: Input file '../zebra/irdp_interface.h' not found.
[ERROR][decmd.py:98.process_input_files()]: Input file '../zebra/router-id.c' not found.
[ERROR][decmd.py:98.process_input_files()]: Input file '../zebra/router-id.h' not found.
[ERROR][decmd.py:98.process_input_files()]: Input file '../zebra/rtadv.c' not found.
[ERROR][decmd.py:98.process_input_files()]: Input file '../zebra/rtadv.h' not found.
[ERROR][decmd.py:98.process_input_files()]: Input file '../zebra/zebra_dplane.c' not found.
[ERROR][decmd.py:98.process_input_files()]: Input file '../zebra/zebra_dplane.h' not found.
[ERROR][decmd.py:98.process_input_files()]: Input file '../zebra/zebra_fpm.c' not found.
[ERROR][decmd.py:98.process_input_files()]: Input file '../zebra/zebra_fpm.h' not found.
[ERROR][decmd.py:98.process_input_files()]: Input file '../zebra/zebra_mlag_vty.c' not found.
[ERROR][decmd.py:98.process_input_files()]: Input file '../zebra/zebra_mlag_vty.h' not found.
[ERROR][decmd.py:98.process_input_files()]: Input file '../zebra/zebra_mpls_vty.c' not found.
[ERROR][decmd.py:98.process_input_files()]: Input file '../zebra/zebra_mpls_vty.h' not found.
[ERROR][decmd.py:98.process_input_files()]: Input file '../zebra/zebra_ptm.c' not found.
[ERROR][decmd.py:98.process_input_files()]: Input file '../zebra/zebra_ptm.h' not found.
[ERROR][decmd.py:98.process_input_files()]: Input file '../zebra/zebra_pw.c' not found.
[ERROR][decmd.py:98.process_input_files()]: Input file '../zebra/zebra_pw.h' not found.
[ERROR][decmd.py:98.process_input_files()]: Input file '../zebra/zebra_routemap.c' not found.
[ERROR][decmd.py:98.process_input_files()]: Input file '../zebra/zebra_routemap.h' not found.
[ERROR][decmd.py:98.process_input_files()]: Input file '../zebra/zebra_srv6_vty.c' not found.
[ERROR][decmd.py:98.process_input_files()]: Input file '../zebra/zebra_srv6_vty.h' not found.
[ERROR][decmd.py:98.process_input_files()]: Input file '../zebra/zebra_vrf.c' not found.
[ERROR][decmd.py:98.process_input_files()]: Input file '../zebra/zebra_vrf.h' not found.
[ERROR][decmd.py:98.process_input_files()]: Input file '../zebra/zebra_vty.c' not found.
[ERROR][decmd.py:98.process_input_files()]: Input file '../zebra/zebra_vty.h' not found.
[ERROR][decmd.py:98.process_input_files()]: Input file '../zebra/zserv.c' not found.
[ERROR][decmd.py:98.process_input_files()]: Input file '../zebra/zserv.h' not found.
[INFO][decmd.py:2818.<module>()]: NEXT_NODE_CMD_DICT: {}
[INFO][decmd.py:771.generate_command_tree()]: generate_command_tree: 0
[INFO][decmd.py:1703.cmdtree_to_yang()]: 
==============================================================================

[INFO][decmd.py:1725.cmdtree_to_yang()]: app_group: ['frr']
[INFO][decmd.py:771.generate_command_tree()]: generate_command_tree: 0
[INFO][decmd.py:1703.cmdtree_to_yang()]: 
==============================================================================

[INFO][decmd.py:1725.cmdtree_to_yang()]: app_group: ['frr']
[INFO][decmd.py:771.generate_command_tree()]: generate_command_tree: 0
[INFO][decmd.py:1703.cmdtree_to_yang()]: 
==============================================================================

[INFO][decmd.py:1725.cmdtree_to_yang()]: app_group: ['frr']
